<?xml version="1.0" encoding="UTF-8"?>
<!-- Generated by org.testng.reporters.JUnitXMLReporter -->
<testsuite ignored="0" hostname="Admin" failures="0" tests="3" name="TestRunner-1" time="67.426" errors="0" timestamp="2021-12-06T09:48:29 IST">
  <testcase classname="com.crm.comcast.contactTest.CreateContactTest" name="createConatctWithOrgnizationTest" time="25.58"/>
  <testcase classname="com.crm.comcast.contactTest.CreateContactTest" name="createContactTest" time="9.796"/>
  <testcase classname="com.crm.comcast.contactTest.CreateContactTest" name="createContactWithSupportDateTest" time="9.447"/>
</testsuite> <!-- TestRunner-1 -->
