<?xml version="1.0" encoding="UTF-8"?>
<!-- Generated by org.testng.reporters.JUnitXMLReporter -->
<testsuite ignored="0" hostname="Admin" failures="0" tests="2" name="TestRunner-2" time="43.186" errors="0" timestamp="2021-12-06T09:48:05 IST">
  <testcase classname="com.crm.comcast.organaizationTest.CreateOrganizationTest" name="createOrganizationTest" time="11.847"/>
  <testcase classname="com.crm.comcast.organaizationTest.CreateOrganizationTest" name="createOrganizationWithIndustryTypeTest" time="12.551"/>
</testsuite> <!-- TestRunner-2 -->
