<?xml version="1.0" encoding="UTF-8"?>
<testng-results ignored="0" total="1" passed="1" failed="0" skipped="0">
  <reporter-output>
  </reporter-output>
  <suite started-at="2021-12-08T16:04:54 IST" name="Default suite" finished-at="2021-12-08T16:04:56 IST" duration-ms="2116">
    <groups>
    </groups>
    <test started-at="2021-12-08T16:04:54 IST" name="Default test" finished-at="2021-12-08T16:04:56 IST" duration-ms="2116">
      <class name="practice.getDataFromExcel.GetDataFromExcelSheet">
        <test-method signature="getExcelData()[pri:0, instance:practice.getDataFromExcel.GetDataFromExcelSheet@34f5090e]" started-at="2021-12-08T16:04:54 IST" name="getExcelData" finished-at="2021-12-08T16:04:56 IST" duration-ms="2058" status="PASS">
          <reporter-output>
          </reporter-output>
        </test-method> <!-- getExcelData -->
      </class> <!-- practice.getDataFromExcel.GetDataFromExcelSheet -->
    </test> <!-- Default test -->
  </suite> <!-- Default suite -->
</testng-results>
