<?xml version="1.0" encoding="UTF-8"?>
<!-- Generated by org.testng.reporters.JUnitReportReporter -->
<testsuite hostname="Admin" failures="0" tests="1" name="com.crm.SDET25.Practice.getDataFromExcel.GetDataFromJasonFile2" time="0.015" errors="0" timestamp="2021-11-24T21:26:25 IST" skipped="0">
  <testcase classname="com.crm.SDET25.Practice.getDataFromExcel.GetDataFromJasonFile2" name="getDataJason" time="0.015"/>
  <system-out/>
</testsuite> <!-- com.crm.SDET25.Practice.getDataFromExcel.GetDataFromJasonFile2 -->
